Build started 10/13/2013 9:29:06 AM.
     1>Project "C:\Users\Brian\Documents\GitHub\ScenesOfAnarchy\Source\GameApplication\ProjectTemplateDX9_win32_vs2010.vcxproj" on node 2 (build target(s)).
     1>InitializeBuildStatus:
         Creating "..\..\Obj\win32_vs2010_anarchy\debug_dll\DX9\ProjectTemplate.unsuccessfulbuild" because "AlwaysCreate" was specified.
       ClCompile:
         C:\Program Files (x86)\Microsoft Visual Studio 10.0\VC\bin\CL.exe /c /I..\..\..\Source /IC:\Havok\AnarchySDK/Source /IC:\Havok\AnarchySDK\ThirdParty/redistsdks/Lua/5.1.4/ /I"C:\Program Files (x86)\Microsoft DirectX SDK (June 2010)\/Include" /Zi /nologo /W3 /WX- /MP /Od /Oi /D _WINDOWS /D WIN32 /D _WIN32 /D _DEBUG /D HK_DEBUG /D HK_DEBUG_SLOW /D _CONSOLE /D _ALLOW_ITERATOR_DEBUG_LEVEL_MISMATCH /D HK_ANARCHY /D PROFILING /D _VISION_WIN32 /D _CRT_SECURE_NO_DEPRECATE /D _CRT_NONSTDC_NO_DEPRECATE /D _VR_DX9 /D PARTICLEMODULE_IMPORTS /D EFFECTSMODULE_IMPORTS /D GUI_ENGINEPLUGIN_IMPORTS /D SCRIPTMODULE_IMPORTS /D VTERRAINPLUGIN_IMPORTS /D ANIMATIONMODULE_IMPORTS /D DEFERREDMODULE_IMPORTS /D SCENEMODULE_IMPORTS /D PATHRENDERINGMODULE_IMPORTS /D PROFILING /D _VISION_WIN32 /D _CRT_SECURE_NO_DEPRECATE /D _CRT_NONSTDC_NO_DEPRECATE /D _VR_DX9 /D HK_CONFIG_SIMD=1 /GF /Gm- /EHsc /MDd /GS /Gy- /arch:SSE2 /fp:fast /fp:except- /Zc:wchar_t /Zc:forScope /GR /Yc"GameApplicationPCH.h" /Fp"..\..\Obj\win32_vs2010_anarchy\debug_dll\DX9\GameApplicationPCH.pch" /Fo"..\..\Obj\win32_vs2010_anarchy\debug_dll\DX9\\" /Fd"..\..\Bin\win32_vs2010_anarchy\debug_dll\DX9\ProjectTemplate.pdb" /Gd /TP /errorReport:prompt GameApplicationPCH.cpp /MP  
         GameApplicationPCH.cpp
         C:\Program Files (x86)\Microsoft Visual Studio 10.0\VC\bin\CL.exe /c /I..\..\..\Source /IC:\Havok\AnarchySDK/Source /IC:\Havok\AnarchySDK\ThirdParty/redistsdks/Lua/5.1.4/ /I"C:\Program Files (x86)\Microsoft DirectX SDK (June 2010)\/Include" /Zi /nologo /W3 /WX- /MP /Od /Oi /D _WINDOWS /D WIN32 /D _WIN32 /D _DEBUG /D HK_DEBUG /D HK_DEBUG_SLOW /D _CONSOLE /D _ALLOW_ITERATOR_DEBUG_LEVEL_MISMATCH /D HK_ANARCHY /D PROFILING /D _VISION_WIN32 /D _CRT_SECURE_NO_DEPRECATE /D _CRT_NONSTDC_NO_DEPRECATE /D _VR_DX9 /D PARTICLEMODULE_IMPORTS /D EFFECTSMODULE_IMPORTS /D GUI_ENGINEPLUGIN_IMPORTS /D SCRIPTMODULE_IMPORTS /D VTERRAINPLUGIN_IMPORTS /D ANIMATIONMODULE_IMPORTS /D DEFERREDMODULE_IMPORTS /D SCENEMODULE_IMPORTS /D PATHRENDERINGMODULE_IMPORTS /D PROFILING /D _VISION_WIN32 /D _CRT_SECURE_NO_DEPRECATE /D _CRT_NONSTDC_NO_DEPRECATE /D _VR_DX9 /D HK_CONFIG_SIMD=1 /GF /Gm- /EHsc /MDd /GS /Gy- /arch:SSE2 /fp:fast /fp:except- /Zc:wchar_t /Zc:forScope /GR /Yu"GameApplicationPCH.h" /Fp"..\..\Obj\win32_vs2010_anarchy\debug_dll\DX9\GameApplicationPCH.pch" /Fo"..\..\Obj\win32_vs2010_anarchy\debug_dll\DX9\\" /Fd"..\..\Bin\win32_vs2010_anarchy\debug_dll\DX9\ProjectTemplate.pdb" /Gd /TP /errorReport:prompt Main.cpp /MP  
         Main.cpp
         C:\Program Files (x86)\Microsoft Visual Studio 10.0\VC\bin\CL.exe /c /I..\..\..\Source /IC:\Havok\AnarchySDK/Source /IC:\Havok\AnarchySDK\ThirdParty/redistsdks/Lua/5.1.4/ /I"C:\Program Files (x86)\Microsoft DirectX SDK (June 2010)\/Include" /Zi /nologo /W3 /WX- /MP /Od /Oi /D _WINDOWS /D WIN32 /D _WIN32 /D _DEBUG /D HK_DEBUG /D HK_DEBUG_SLOW /D _CONSOLE /D _ALLOW_ITERATOR_DEBUG_LEVEL_MISMATCH /D HK_ANARCHY /D PROFILING /D _VISION_WIN32 /D _CRT_SECURE_NO_DEPRECATE /D _CRT_NONSTDC_NO_DEPRECATE /D _VR_DX9 /D PARTICLEMODULE_IMPORTS /D EFFECTSMODULE_IMPORTS /D GUI_ENGINEPLUGIN_IMPORTS /D SCRIPTMODULE_IMPORTS /D VTERRAINPLUGIN_IMPORTS /D ANIMATIONMODULE_IMPORTS /D DEFERREDMODULE_IMPORTS /D SCENEMODULE_IMPORTS /D PATHRENDERINGMODULE_IMPORTS /D PROFILING /D _VISION_WIN32 /D _CRT_SECURE_NO_DEPRECATE /D _CRT_NONSTDC_NO_DEPRECATE /D _VR_DX9 /D HK_CONFIG_SIMD=1 /GF /Gm- /EHsc /MDd /GS /Gy- /arch:SSE2 /fp:fast /fp:except- /Zc:wchar_t /Zc:forScope /GR /Fo"..\..\Obj\win32_vs2010_anarchy\debug_dll\DX9\\" /Fd"..\..\Bin\win32_vs2010_anarchy\debug_dll\DX9\ProjectTemplate.pdb" /Gd /TP /errorReport:prompt VisSampleApp.cpp VisSampleAppCallbacks.cpp /MP  
         VisSampleApp.cpp
         VisSampleAppCallbacks.cpp
       Link:
         C:\Program Files (x86)\Microsoft Visual Studio 10.0\VC\bin\link.exe /ERRORREPORT:PROMPT /OUT:"..\..\Bin\win32_vs2010_anarchy\debug_dll\DX9\ProjectTemplate.exe" /NOLOGO /LIBPATH:..\..\..\Lib\win32_vs2010_anarchy\debug_dll /LIBPATH:C:\Havok\AnarchySDK/Lib/win32_vs2010_anarchy\debug_dll /LIBPATH:C:\Havok\AnarchySDK\ThirdParty/redistsdks/Lua/5.1.4/lib /LIBPATH:"C:\Program Files (x86)\Microsoft DirectX SDK (June 2010)\/Lib/x86" lua100d.lib BaseD.lib VisionD.lib VisionEnginePluginD.lib kernel32.lib user32.lib gdi32.lib winspool.lib comdlg32.lib advapi32.lib shell32.lib ole32.lib oleaut32.lib uuid.lib odbc32.lib odbccp32.lib /NODEFAULTLIB:libc.lib /NODEFAULTLIB:libcmtd.lib /MANIFEST /ManifestFile:"..\..\Obj\win32_vs2010_anarchy\debug_dll\DX9\Manifest.exe.intermediate.manifest" /MANIFESTUAC:"level='asInvoker' uiAccess='false'" /DEBUG /PDB:"C:\Users\Brian\Documents\GitHub\ScenesOfAnarchy\Bin\win32_vs2010_anarchy\debug_dll\DX9\ProjectTemplate.pdb" /SUBSYSTEM:WINDOWS /TLBID:1 /DYNAMICBASE /NXCOMPAT /IMPLIB:"..\..\Lib\win32_vs2010_anarchy\debug_dll\ProjectTemplateD.lib" /MACHINE:X86 ..\..\Obj\win32_vs2010_anarchy\debug_dll\DX9\GameApplicationPCH.obj
         ..\..\Obj\win32_vs2010_anarchy\debug_dll\DX9\Main.obj
         ..\..\Obj\win32_vs2010_anarchy\debug_dll\DX9\VisSampleApp.obj
         ..\..\Obj\win32_vs2010_anarchy\debug_dll\DX9\VisSampleAppCallbacks.obj   /ignore:4221
            Creating library ..\..\Lib\win32_vs2010_anarchy\debug_dll\ProjectTemplateD.lib and object ..\..\Lib\win32_vs2010_anarchy\debug_dll\ProjectTemplateD.exp
         ProjectTemplateDX9_win32_vs2010.vcxproj -> C:\Users\Brian\Documents\GitHub\ScenesOfAnarchy\Source\GameApplication\..\..\Bin\win32_vs2010_anarchy\debug_dll\DX9\ProjectTemplate.exe
       Manifest:
         C:\Program Files (x86)\Microsoft SDKs\Windows\v7.0A\bin\mt.exe /nologo /verbose /outputresource:"..\..\Bin\win32_vs2010_anarchy\debug_dll\DX9\ProjectTemplate.exe;#1" /manifest ..\..\Obj\win32_vs2010_anarchy\debug_dll\DX9\Manifest.exe.intermediate.manifest
       FinalizeBuildStatus:
         Deleting file "..\..\Obj\win32_vs2010_anarchy\debug_dll\DX9\ProjectTemplate.unsuccessfulbuild".
         Touching "..\..\Obj\win32_vs2010_anarchy\debug_dll\DX9\ProjectTemplate.lastbuildstate".
     1>Done Building Project "C:\Users\Brian\Documents\GitHub\ScenesOfAnarchy\Source\GameApplication\ProjectTemplateDX9_win32_vs2010.vcxproj" (build target(s)).

Build succeeded.

Time Elapsed 00:00:05.40
