Build started 10/13/2013 9:28:59 AM.
     1>Project "C:\Users\Brian\Documents\GitHub\ScenesOfAnarchy\Source\GamePlugin\GamePluginDX9_win32_vs2010.vcxproj" on node 2 (build target(s)).
     1>C:\Program Files (x86)\MSBuild\Microsoft.Cpp\v4.0\Microsoft.CppBuild.targets(298,5): warning MSB8004: Intermediate Directory does not end with a trailing slash.  This build instance will add the slash as it is required to allow proper evaluation of the Intermediate Directory.
     1>InitializeBuildStatus:
         Creating "..\..\Obj\win32_vs2010_anarchy\Debug DLL\DX9\GamePlugin100.unsuccessfulbuild" because "AlwaysCreate" was specified.
       ClCompile:
         C:\Program Files (x86)\Microsoft Visual Studio 10.0\VC\bin\CL.exe /c /I..\..\..\Source /IC:\Havok\AnarchySDK/Source /IC:\Havok\AnarchySDK\ThirdParty/redistsdks/Lua/5.1.4/ /I"C:\Program Files (x86)\Microsoft DirectX SDK (June 2010)\/Include" /IC:\Havok\AnarchySDK\ThirdParty/redistsdks/Lua/5.1.4/ /Zi /nologo /W3 /WX- /MP /Od /Oi /D TESTCOMPONENT_EXPORTS /D SAMPLEPLUGIN_EXPORTS /D _WINDOWS /D WIN32 /D _WIN32 /D _DEBUG /D HK_DEBUG /D HK_DEBUG_SLOW /D _CONSOLE /D _ALLOW_ITERATOR_DEBUG_LEVEL_MISMATCH /D HK_ANARCHY /D PROFILING /D _VISION_WIN32 /D _CRT_SECURE_NO_DEPRECATE /D _CRT_NONSTDC_NO_DEPRECATE /D _VR_DX9 /D PROFILING /D _VISION_WIN32 /D _CRT_SECURE_NO_DEPRECATE /D _CRT_NONSTDC_NO_DEPRECATE /D _VR_DX9 /D HK_CONFIG_SIMD=1 /D _WINDLL /GF /Gm- /EHsc /MDd /GS /Gy- /arch:SSE2 /fp:fast /fp:except- /Zc:wchar_t /Zc:forScope /GR /Yc"GamePluginPCH.h" /Fp"..\..\Obj\win32_vs2010_anarchy\Debug DLL\DX9\GamePluginPCH.pch" /Fo"..\..\Obj\win32_vs2010_anarchy\Debug DLL\DX9\\" /Fd"..\..\Bin\win32_vs2010_anarchy\debug_dll\DX9\GamePlugin.pdb" /Gd /TP /wd6031 /errorReport:prompt GamePluginPCH.cpp /MP  
         GamePluginPCH.cpp
         C:\Program Files (x86)\Microsoft Visual Studio 10.0\VC\bin\CL.exe /c /I..\..\..\Source /IC:\Havok\AnarchySDK/Source /IC:\Havok\AnarchySDK\ThirdParty/redistsdks/Lua/5.1.4/ /I"C:\Program Files (x86)\Microsoft DirectX SDK (June 2010)\/Include" /IC:\Havok\AnarchySDK\ThirdParty/redistsdks/Lua/5.1.4/ /Zi /nologo /W3 /WX- /MP /Od /Oi /D TESTCOMPONENT_EXPORTS /D SAMPLEPLUGIN_EXPORTS /D _WINDOWS /D WIN32 /D _WIN32 /D _DEBUG /D HK_DEBUG /D HK_DEBUG_SLOW /D _CONSOLE /D _ALLOW_ITERATOR_DEBUG_LEVEL_MISMATCH /D HK_ANARCHY /D PROFILING /D _VISION_WIN32 /D _CRT_SECURE_NO_DEPRECATE /D _CRT_NONSTDC_NO_DEPRECATE /D _VR_DX9 /D PROFILING /D _VISION_WIN32 /D _CRT_SECURE_NO_DEPRECATE /D _CRT_NONSTDC_NO_DEPRECATE /D _VR_DX9 /D HK_CONFIG_SIMD=1 /D _WINDLL /GF /Gm- /EHsc /MDd /GS /Gy- /arch:SSE2 /fp:fast /fp:except- /Zc:wchar_t /Zc:forScope /GR /Yu"GamePluginPCH.h" /Fp"..\..\Obj\win32_vs2010_anarchy\Debug DLL\DX9\GamePluginPCH.pch" /Fo"..\..\Obj\win32_vs2010_anarchy\Debug DLL\DX9\\" /Fd"..\..\Bin\win32_vs2010_anarchy\debug_dll\DX9\GamePlugin.pdb" /Gd /TP /wd6031 /errorReport:prompt GameManager.cpp myComponent.cpp PluginMain.cpp TemplateAction.cpp /MP  
         GameManager.cpp
         myComponent.cpp
         PluginMain.cpp
         TemplateAction.cpp
       MakeDirsForLink:
         Creating directory "C:\Users\Brian\Documents\GitHub\ScenesOfAnarchy\Lib\win32_vs2010_anarchy\debug_dll\".
       Link:
         C:\Program Files (x86)\Microsoft Visual Studio 10.0\VC\bin\link.exe /ERRORREPORT:PROMPT /OUT:"..\..\Bin\win32_vs2010_anarchy\debug_dll\DX9\GamePlugin.vPluginD" /NOLOGO /LIBPATH:..\..\..\Lib\win32_vs2010_anarchy\debug_dll /LIBPATH:C:\Havok\AnarchySDK/Lib/win32_vs2010_anarchy\debug_dll /LIBPATH:C:\Havok\AnarchySDK\ThirdParty/redistsdks/Lua/5.1.4/lib /LIBPATH:"C:\Program Files (x86)\Microsoft DirectX SDK (June 2010)\/Lib/x86" lua100d.lib BaseD.lib VisionD.lib kernel32.lib user32.lib gdi32.lib winspool.lib comdlg32.lib advapi32.lib shell32.lib ole32.lib oleaut32.lib uuid.lib odbc32.lib odbccp32.lib /NODEFAULTLIB:libc.lib /NODEFAULTLIB:libcmtd.lib /MANIFEST /ManifestFile:"..\..\Obj\win32_vs2010_anarchy\Debug DLL\DX9\Manifest.vPluginD.intermediate.manifest" /MANIFESTUAC:"level='asInvoker' uiAccess='false'" /DEBUG /PDB:"C:\Users\Brian\Documents\GitHub\ScenesOfAnarchy\Bin\win32_vs2010_anarchy\debug_dll\DX9\GamePlugin.pdb" /SUBSYSTEM:WINDOWS /TLBID:1 /DYNAMICBASE /NXCOMPAT /IMPLIB:"..\..\Lib\win32_vs2010_anarchy\debug_dll\GamePlugin.lib" /MACHINE:X86 /DLL "..\..\Obj\win32_vs2010_anarchy\Debug DLL\DX9\GameManager.obj"
         "..\..\Obj\win32_vs2010_anarchy\Debug DLL\DX9\GamePluginPCH.obj"
         "..\..\Obj\win32_vs2010_anarchy\Debug DLL\DX9\myComponent.obj"
         "..\..\Obj\win32_vs2010_anarchy\Debug DLL\DX9\PluginMain.obj"
         "..\..\Obj\win32_vs2010_anarchy\Debug DLL\DX9\TemplateAction.obj"   /ignore:4221
            Creating library ..\..\Lib\win32_vs2010_anarchy\debug_dll\GamePlugin.lib and object ..\..\Lib\win32_vs2010_anarchy\debug_dll\GamePlugin.exp
         GamePluginDX9_win32_vs2010.vcxproj -> C:\Users\Brian\Documents\GitHub\ScenesOfAnarchy\Source\GamePlugin\..\..\Bin\win32_vs2010_anarchy\debug_dll\DX9\GamePlugin.vPluginD
       Manifest:
         C:\Program Files (x86)\Microsoft SDKs\Windows\v7.0A\bin\mt.exe /nologo /verbose /outputresource:"..\..\Bin\win32_vs2010_anarchy\debug_dll\DX9\GamePlugin.vPluginD;#2" /manifest "..\..\Obj\win32_vs2010_anarchy\Debug DLL\DX9\Manifest.vPluginD.intermediate.manifest"
       FinalizeBuildStatus:
         Deleting file "..\..\Obj\win32_vs2010_anarchy\Debug DLL\DX9\GamePlugin100.unsuccessfulbuild".
         Touching "..\..\Obj\win32_vs2010_anarchy\Debug DLL\DX9\GamePlugin100.lastbuildstate".
     1>Done Building Project "C:\Users\Brian\Documents\GitHub\ScenesOfAnarchy\Source\GamePlugin\GamePluginDX9_win32_vs2010.vcxproj" (build target(s)).

Build succeeded.

Time Elapsed 00:00:06.29
